<?xml version="1.0" encoding="UTF-8"?>
<!-- Generated by org.testng.reporters.JUnitReportReporter -->
<testsuite hostname="IR-257" name="testcases.Payment_TestCase" tests="1" failures="0" timestamp="20 May 2021 17:52:03 GMT" time="55.290" errors="0">
  <testcase name="validatePaymentSection" time="55.290" classname="testcases.Payment_TestCase"/>
</testsuite> <!-- testcases.Payment_TestCase -->
