<?xml version="1.0" encoding="UTF-8"?>
<!-- Generated by org.testng.reporters.JUnitReportReporter -->
<testsuite hostname="IR-257" name="testcases.SignUp_TestCase" tests="1" failures="0" timestamp="26 Apr 2021 09:00:14 GMT" time="4.423" errors="0">
  <testcase name="validationForsignUp" time="4.423" classname="testcases.SignUp_TestCase"/>
</testsuite> <!-- testcases.SignUp_TestCase -->
