<?xml version="1.0" encoding="UTF-8"?>
<!-- Generated by org.testng.reporters.JUnitReportReporter -->
<testsuite hostname="IR-257" name="testcases.SignUp_TestCase" tests="2" failures="0" timestamp="12 May 2021 12:45:32 GMT" time="2.639" errors="0">
  <testcase name="validationForInviteUser" time="1.478" classname="testcases.SignUp_TestCase"/>
  <testcase name="validationForSignUp" time="1.161" classname="testcases.SignUp_TestCase"/>
</testsuite> <!-- testcases.SignUp_TestCase -->
