<?xml version="1.0" encoding="UTF-8"?>
<!-- Generated by org.testng.reporters.JUnitReportReporter -->
<testsuite hostname="IR-257" name="testcases.Login_TestCase" tests="1" failures="0" timestamp="16 Apr 2021 12:56:46 GMT" time="25.252" errors="0">
  <testcase name="loginValidations" time="25.252" classname="testcases.Login_TestCase"/>
</testsuite> <!-- testcases.Login_TestCase -->
