<?xml version="1.0" encoding="UTF-8"?>
<!-- Generated by org.testng.reporters.JUnitReportReporter -->
<testsuite hostname="IR-257" name="testcases.Payment_TestCase" tests="1" failures="0" timestamp="2 May 2021 12:26:49 GMT" time="46.258" errors="0">
  <testcase name="validatePaymentSection" time="46.258" classname="testcases.Payment_TestCase"/>
</testsuite> <!-- testcases.Payment_TestCase -->
