<?xml version="1.0" encoding="UTF-8"?>
<!-- Generated by org.testng.reporters.JUnitReportReporter -->
<testsuite hostname="IR-257" name="testcases.Home_TestCase" tests="1" failures="0" timestamp="11 May 2021 06:04:24 GMT" time="55.918" errors="0">
  <testcase name="checkingfavoriteIcons" time="55.918" classname="testcases.Home_TestCase"/>
</testsuite> <!-- testcases.Home_TestCase -->
