<?xml version="1.0" encoding="UTF-8"?>
<!-- Generated by org.testng.reporters.JUnitReportReporter -->
<testsuite hostname="IR-257" name="testcases.TC001_POST_Request" tests="1" failures="0" timestamp="7 May 2021 17:52:39 GMT" time="0.019" errors="0">
  <testcase name="validationOfPostRequest" time="0.019" classname="testcases.TC001_POST_Request"/>
</testsuite> <!-- testcases.TC001_POST_Request -->
