<?xml version="1.0" encoding="UTF-8"?>
<!-- Generated by org.testng.reporters.JUnitReportReporter -->
<testsuite hostname="IR-257" name="testcases.Login_TestCase_01" tests="1" failures="0" timestamp="7 Mar 2021 14:44:00 GMT" time="29.976" errors="0">
  <testcase name="loginValidations" time="29.976" classname="testcases.Login_TestCase_01"/>
</testsuite> <!-- testcases.Login_TestCase_01 -->
